[W 160503 19:33:27 web:1946] 404 GET / (::1) 2.47ms
[W 160503 19:33:28 web:1946] 404 GET /favicon.ico (::1) 0.29ms
[W 160503 19:33:30 web:1946] 404 GET /data (::1) 0.30ms
[W 160503 19:33:42 web:1946] 404 GET /data/ (::1) 0.36ms
[W 160503 19:33:43 web:1946] 404 GET /data/1 (::1) 0.30ms
[I 160503 19:33:56 web:1946] 200 GET /data/new-relic (::1) 2.09ms
[I 160503 19:38:10 web:1946] 304 GET /data/new-relic (::1) 2.07ms
[I 160503 19:38:27 web:1946] 304 GET /data/new-relic (::1) 0.40ms
[I 160503 19:38:39 web:1946] 304 GET /data/new-relic (::1) 1.38ms
[I 160503 19:39:53 web:1946] 200 GET /data/new-relic (::1) 1.01ms
[I 160503 19:41:02 web:1946] 304 GET /data/new-relic (::1) 0.40ms
[I 160503 19:41:11 web:1946] 200 GET /data/new-relic (::1) 1.10ms
[I 160503 21:44:10 web:1946] 200 GET /data/new-relic (::1) 4.49ms
[I 160503 21:44:27 web:1946] 200 GET /data/new-relic (::1) 0.48ms
[I 160503 21:46:17 web:1946] 200 GET /data/new-relic (::1) 5.42ms
[I 160503 21:46:35 web:1946] 200 GET /data/new-relic (::1) 0.69ms
[I 160503 21:47:46 web:1946] 200 GET /data/new-relic (::1) 3.82ms
[I 160503 21:49:19 web:1946] 200 GET /data/new-relic (::1) 2.20ms
[I 160503 21:49:22 web:1946] 304 GET /data/new-relic (::1) 2.94ms
[I 160503 21:49:38 web:1946] 200 GET /data/new-relic (::1) 0.61ms
[I 160503 21:50:50 web:1946] 200 GET /data/new-relic (::1) 4.05ms
[I 160503 21:54:41 web:1946] 200 GET /data/new-relic (::1) 1.01ms
[I 160503 21:55:47 web:1946] 200 GET /data/new-relic (::1) 0.61ms
[I 160503 21:56:37 web:1946] 200 GET /data/new-relic (::1) 0.79ms
[I 160503 21:57:37 web:1946] 200 GET /data/new-relic (::1) 0.62ms
[I 160503 21:57:58 web:1946] 200 GET /data/new-relic (::1) 0.63ms
[I 160503 23:22:57 web:1946] 200 GET /data/new-relic (::1) 10.61ms
[I 160503 23:27:58 web:1946] 200 GET /data/new-relic (::1) 0.70ms
[I 160503 23:28:56 web:1946] 200 GET /data/new-relic (::1) 0.72ms
[I 160503 23:29:49 web:1946] 200 GET /data/new-relic (::1) 0.70ms
[I 160503 23:30:59 web:1946] 200 GET /data/new-relic (::1) 4.20ms
[I 160503 23:31:28 web:1946] 200 GET /data/new-relic (::1) 1.88ms
[I 160503 23:32:06 web:1946] 200 GET /data/new-relic (::1) 0.62ms
[I 160503 23:43:11 web:1946] 200 GET /data/new-relic (::1) 0.77ms
[I 160503 23:43:20 web:1946] 200 GET /data/new-relic (::1) 0.38ms
[I 160503 23:43:24 web:1946] 200 GET /data/new-relic (::1) 0.58ms
[I 160503 23:43:41 web:1946] 200 GET /data/new-relic (::1) 0.69ms
[I 160503 23:44:05 web:1946] 200 GET /data/new-relic (::1) 0.59ms
[I 160503 23:45:32 web:1946] 200 GET /data/new-relic (::1) 0.64ms
[I 160503 23:45:54 web:1946] 200 GET /data/new-relic (::1) 0.61ms
[I 160503 23:47:25 web:1946] 200 GET /data/new-relic (::1) 1.59ms
[I 160503 23:47:37 web:1946] 200 GET /data/new-relic (::1) 0.69ms
[I 160503 23:53:29 web:1946] 200 GET /data/new-relic (::1) 0.70ms
[I 160503 23:53:44 web:1946] 200 GET /data/new-relic (::1) 0.76ms
[I 160503 23:53:58 web:1946] 200 GET /data/new-relic (::1) 0.73ms
[I 160503 23:54:28 web:1946] 200 GET /data/new-relic (::1) 0.67ms
